[2026-04-09T22:58:13Z] === ENRICH ITERATION 1 START | repo=dsherret/ts-morph sha=686189cd ===
[2026-04-09T22:58:13Z] [iter=1] PHASE START: enrich repo=dsherret/ts-morph sha=686189cd runlog=/home/runner/work/forx/forx/storage/aggregate/lsp/logs/686189cd-enrich-iter-001.log output=/home/runner/work/forx/forx/storage/aggregate/lsp/686189cd860707bd96947156187310372eb7a85d.nq.gz
[2026-04-09T22:58:46Z] [iter=1] Step 1: Loading AST into disk-backed store mem_mb=80 MB
[2026-04-09T22:59:13Z] [iter=1] AST store loaded triples=3201987 load_secs=26 mem_mb=938 MB
[2026-04-09T22:59:13Z] [iter=1] Step 2: Finding LSP targets mem_mb=938 MB
[2026-04-09T22:59:19Z] [iter=1] LSP targets found call_sites=33908 imports=3294 extends=868 implements=22 secs=6
[2026-04-09T22:59:23Z] [iter=1] Step 2.7: Building position index (one-shot, shared across resolvers) mem_mb=938 MB
[2026-04-09T22:59:42Z] [iter=1] Position index built positions=208276 nodes_with_types=258699 secs=19 mem_mb=938 MB
[2026-04-09T22:59:42Z] [iter=1] Step 3: Starting LSP resolution mem_mb=938 MB already_completed_types=[] already_completed_files=0
[2026-04-09T22:59:42Z] [iter=1] Resolving target type target_type=call_site count=33908
[2026-04-09T22:59:42Z] [iter=1] HEARTBEAT target_type=call_site elapsed_min=1.5 files_done=0 resolved=0 errors=0 current=src/compiler/tools/LanguageService.ts
[2026-04-09T23:02:22Z] [iter=1] HEARTBEAT target_type=call_site elapsed_min=4.1 files_done=1 resolved=2 errors=128 current=src/tests/compiler/ast/class/methodDeclarationTests.ts
[2026-04-09T23:03:48Z] [iter=1] HEARTBEAT target_type=call_site elapsed_min=5.6 files_done=2 resolved=26 errors=197 current=src/tests/compiler/ast/expression/object/objectDestructuringAssignmentTests.ts
[2026-04-09T23:04:52Z] [iter=1] HEARTBEAT target_type=call_site elapsed_min=6.6 files_done=4 resolved=26 errors=246 current=src/tests/compiler/type/typeTests.ts
[2026-04-09T23:12:38Z] [iter=1] HEARTBEAT target_type=call_site elapsed_min=14.4 files_done=5 resolved=26 errors=620 current=src/tests/fileSystem/directoryTests.ts
[2026-04-09T23:39:50Z] [iter=1] HEARTBEAT target_type=call_site elapsed_min=41.6 files_done=6 resolved=26 errors=1931 current=src/compiler/ast/class/base/ClassLikeDeclarationBase.ts
[2026-04-09T23:43:06Z] [iter=1] HEARTBEAT target_type=call_site elapsed_min=44.9 files_done=7 resolved=125 errors=2088 current=src/tests/compiler/ast/class/base/classLikeDeclarationBaseTests.ts
[2026-04-09T23:57:32Z] [iter=1] HEARTBEAT target_type=call_site elapsed_min=59.3 files_done=8 resolved=125 errors=2785 current=src/tests/compiler/ast/base/awaitableNodeTests.ts
[2026-04-09T23:58:37Z] [iter=1] HEARTBEAT target_type=call_site elapsed_min=60.4 files_done=9 resolved=125 errors=2837 current=src/utils/FileUtils.ts
[2026-04-09T23:59:48Z] [iter=1] HEARTBEAT target_type=call_site elapsed_min=61.6 files_done=10 resolved=126 errors=2894 current=src/tests/compiler/ast/module/importDeclarationTests.ts
[2026-04-10T00:04:13Z] [iter=1] HEARTBEAT target_type=call_site elapsed_min=66.0 files_done=11 resolved=207 errors=3107 current=src/tests/fileSystem/virtualFileSystemHostTests.ts
[2026-04-10T00:09:33Z] [iter=1] HEARTBEAT target_type=call_site elapsed_min=71.3 files_done=12 resolved=207 errors=3364 current=src/manipulation/manipulations/replaction.ts
[2026-04-10T00:11:22Z] [iter=1] HEARTBEAT target_type=call_site elapsed_min=73.1 files_done=14 resolved=252 errors=3451 current=src/tests/compiler/ast/module/sourceFileTests.ts
[2026-04-10T00:23:24Z] [iter=1] HEARTBEAT target_type=call_site elapsed_min=85.2 files_done=15 resolved=552 errors=4029 current=src/tests/compiler/ast/type/functionTypeNodeTests.ts
[2026-04-10T00:23:59Z] [iter=1] HEARTBEAT target_type=call_site elapsed_min=85.8 files_done=16 resolved=552 errors=4057 current=src/tests/projectTests.ts
[2026-04-10T00:36:54Z] [iter=1] HEARTBEAT target_type=call_site elapsed_min=98.7 files_done=17 resolved=868 errors=4678 current=scripts/common/typeHelpers.ts
[2026-04-10T00:41:20Z] [iter=1] HEARTBEAT target_type=call_site elapsed_min=103.1 files_done=19 resolved=1033 errors=4890 current=src/tests/compiler/ast/base/typedNodeTests.ts
[2026-04-10T00:42:59Z] [iter=1] HEARTBEAT target_type=call_site elapsed_min=104.8 files_done=20 resolved=1070 errors=4970 current=src/compiler/ast/common/Node.ts
[2026-04-10T00:51:42Z] [iter=1] HEARTBEAT target_type=call_site elapsed_min=113.5 files_done=21 resolved=1071 errors=5391 current=src/tests/fileSystem/fileSystemWrapperTests.ts
[2026-04-10T00:58:54Z] [iter=1] HEARTBEAT target_type=call_site elapsed_min=120.7 files_done=22 resolved=1181 errors=5739 current=src/tests/compiler/ast/statement/variableDeclarationListTests.ts
[2026-04-10T01:00:29Z] [iter=1] HEARTBEAT target_type=call_site elapsed_min=122.3 files_done=23 resolved=1181 errors=5815 current=src/tests/compiler/ast/type/parenthesizedTypeNodeTests.ts
[2026-04-10T01:01:37Z] [iter=1] HEARTBEAT target_type=call_site elapsed_min=123.4 files_done=25 resolved=1213 errors=5870 current=src/tests/compiler/ast/common/nodeTests.ts
[2026-04-10T01:26:00Z] [iter=1] HEARTBEAT target_type=call_site elapsed_min=147.8 files_done=26 resolved=1215 errors=7049 current=src/compiler/ast/statement/StatementedNode.ts
[2026-04-10T01:28:05Z] [iter=1] HEARTBEAT target_type=call_site elapsed_min=149.9 files_done=27 resolved=1329 errors=7150 current=src/tests/compiler/ast/base/jsDocableNodeTests.ts
[2026-04-10T01:28:59Z] [iter=1] HEARTBEAT target_type=call_site elapsed_min=150.8 files_done=28 resolved=1361 errors=7193 current=src/tests/compiler/ast/base/moduledNodeTests.ts
[2026-04-10T01:33:49Z] [iter=1] HEARTBEAT target_type=call_site elapsed_min=155.6 files_done=29 resolved=1498 errors=7425 current=src/compiler/ast/function/ArrowFunction.ts
[2026-04-10T01:35:23Z] [iter=1] HEARTBEAT target_type=call_site elapsed_min=157.2 files_done=32 resolved=1537 errors=7501 current=src/tests/compiler/ast/base/returnTypedNodeTests.ts
[2026-04-10T01:36:16Z] [iter=1] HEARTBEAT target_type=call_site elapsed_min=158.1 files_done=33 resolved=1558 errors=7544 current=src/tests/utils/stringUtilsTests.ts
[2026-04-10T01:37:10Z] [iter=1] HEARTBEAT target_type=call_site elapsed_min=158.9 files_done=34 resolved=1594 errors=7587 current=src/tests/compiler/symbols/signatureTests.ts
[2026-04-10T01:38:13Z] [iter=1] HEARTBEAT target_type=call_site elapsed_min=160.0 files_done=35 resolved=1594 errors=7638 current=src/compiler/ast/module/ExportSpecifier.ts
[2026-04-10T01:39:16Z] [iter=1] HEARTBEAT target_type=call_site elapsed_min=161.0 files_done=36 resolved=1594 errors=7688 current=src/tests/compiler/ast/class/propertyDeclarationTests.ts
[2026-04-10T01:40:14Z] [iter=1] HEARTBEAT target_type=call_site elapsed_min=162.0 files_done=38 resolved=1600 errors=7735 current=src/tests/compiler/type/typeParameterTests.ts
[2026-04-10T01:41:03Z] [iter=1] HEARTBEAT target_type=call_site elapsed_min=162.8 files_done=39 resolved=1600 errors=7774 current=src/tests/compiler/ast/statement/statementedNode/variableTests.ts
[2026-04-10T01:42:49Z] [iter=1] HEARTBEAT target_type=call_site elapsed_min=164.6 files_done=40 resolved=1656 errors=7859 current=src/tests/compiler/ast/base/modifierableNodeTests.ts
[2026-04-10T01:44:01Z] [iter=1] HEARTBEAT target_type=call_site elapsed_min=165.8 files_done=41 resolved=1697 errors=7917 current=src/tests/compiler/ast/base/argumentedNodeTests.ts
[2026-04-10T01:45:34Z] [iter=1] HEARTBEAT target_type=call_site elapsed_min=167.3 files_done=42 resolved=1723 errors=7992 current=src/tests/compiler/ast/module/externalModuleReferenceTests.ts
[2026-04-10T01:46:10Z] [iter=1] HEARTBEAT target_type=call_site elapsed_min=167.9 files_done=43 resolved=1736 errors=8021 current=src/tests/compiler/ast/module/namespaceDeclarationTests.ts
[2026-04-10T01:47:47Z] [iter=1] HEARTBEAT target_type=call_site elapsed_min=169.6 files_done=44 resolved=1769 errors=8099 current=src/tests/compiler/ast/base/extendsClauseableNodeTests.ts
[2026-04-10T01:49:04Z] [iter=1] HEARTBEAT target_type=call_site elapsed_min=170.8 files_done=45 resolved=1799 errors=8161 current=src/utils/TypeGuards.ts
[2026-04-10T01:53:41Z] [iter=1] HEARTBEAT target_type=call_site elapsed_min=175.5 files_done=46 resolved=1799 errors=8383 current=src/compiler/ast/expression/object/PropertyAssignment.ts
[2026-04-10T01:54:21Z] [iter=1] HEARTBEAT target_type=call_site elapsed_min=176.1 files_done=47 resolved=1799 errors=8415 current=src/tests/compiler/ast/statement/statementedNodeTests.ts
[2026-04-10T01:57:52Z] [iter=1] HEARTBEAT target_type=call_site elapsed_min=179.6 files_done=48 resolved=1799 errors=8585 current=src/compiler/ast/module/SourceFile.ts
[2026-04-10T02:02:17Z] [iter=1] HEARTBEAT target_type=call_site elapsed_min=184.1 files_done=49 resolved=1799 errors=8798 current=src/tests/compiler/ast/module/exportDeclarationTests.ts
[2026-04-10T02:05:33Z] [iter=1] HEARTBEAT target_type=call_site elapsed_min=187.3 files_done=50 resolved=1863 errors=8956 current=src/tests/compiler/ast/expression/array/arrayLiteralExpressionTests.ts
[2026-04-10T02:07:31Z] [iter=1] HEARTBEAT target_type=call_site elapsed_min=189.3 files_done=51 resolved=1863 errors=9051 current=src/tests/utils/decorators/memoizeTests.ts
[2026-04-10T02:08:34Z] [iter=1] HEARTBEAT target_type=call_site elapsed_min=190.3 files_done=53 resolved=1881 errors=9102 current=src/structurePrinters/jsx/JsxAttributeDeciderStructurePrinter.ts
[2026-04-10T02:10:26Z] [iter=1] HEARTBEAT target_type=call_site elapsed_min=192.2 files_done=55 resolved=1881 errors=9192 current=src/compiler/ast/expression/ConditionalExpression.ts
[2026-04-10T02:11:02Z] [iter=1] HEARTBEAT target_type=call_site elapsed_min=192.8 files_done=57 resolved=1885 errors=9221 current=src/compiler/ast/class/MethodDeclaration.ts
[2026-04-10T02:11:58Z] [iter=1] HEARTBEAT target_type=call_site elapsed_min=193.8 files_done=58 resolved=1885 errors=9266 current=src/fileSystem/FileSystemWrapper.ts
[2026-04-10T02:18:00Z] [iter=1] HEARTBEAT target_type=call_site elapsed_min=199.8 files_done=59 resolved=1890 errors=9557 current=src/tests/compiler/ast/module/exportSpecifierTests.ts
[2026-04-10T02:22:34Z] [iter=1] HEARTBEAT target_type=call_site elapsed_min=204.3 files_done=60 resolved=1890 errors=9777 current=src/tests/errors/helpersTests.ts
[2026-04-10T02:23:09Z] [iter=1] HEARTBEAT target_type=call_site elapsed_min=204.9 files_done=61 resolved=1946 errors=9805 current=src/factories/StructurePrinterFactory.ts
[2026-04-10T02:25:10Z] [iter=1] HEARTBEAT target_type=call_site elapsed_min=206.9 files_done=64 resolved=1977 errors=9902 current=src/tests/compiler/ast/function/parameterDeclarationTests.ts
[2026-04-10T02:26:32Z] [iter=1] HEARTBEAT target_type=call_site elapsed_min=208.3 files_done=65 resolved=2000 errors=9968 current=src/tests/compiler/ast/statement/statementedNode/enumTests.ts
[2026-04-10T02:27:25Z] [iter=1] HEARTBEAT target_type=call_site elapsed_min=209.2 files_done=66 resolved=2035 errors=10011 current=src/tests/compiler/ast/type/typeParameterDeclarationTests.ts
[2026-04-10T02:29:02Z] [iter=1] HEARTBEAT target_type=call_site elapsed_min=210.8 files_done=67 resolved=2065 errors=10089 current=src/compiler/tools/TypeChecker.ts
[2026-04-10T02:29:49Z] [iter=1] HEARTBEAT target_type=call_site elapsed_min=211.6 files_done=68 resolved=2065 errors=10127 current=src/tests/compiler/ast/enum/enumMemberTests.ts
[2026-04-10T02:30:37Z] [iter=1] HEARTBEAT target_type=call_site elapsed_min=212.4 files_done=69 resolved=2085 errors=10166 current=src/compiler/ast/base/TypeElementMemberedNode.ts
[2026-04-10T02:31:27Z] [iter=1] HEARTBEAT target_type=call_site elapsed_min=213.2 files_done=70 resolved=2157 errors=10206 current=src/compiler/ast/module/ExportDeclaration.ts
[2026-04-10T02:33:06Z] [iter=1] HEARTBEAT target_type=call_site elapsed_min=214.9 files_done=71 resolved=2157 errors=10286 current=src/compiler/ast/expression/object/ShorthandPropertyAssignment.ts
[2026-04-10T02:34:19Z] [iter=1] HEARTBEAT target_type=call_site elapsed_min=216.1 files_done=73 resolved=2159 errors=10344 current=src/tests/compiler/ast/module/importEqualsDeclarationTests.ts
[2026-04-10T02:35:20Z] [iter=1] HEARTBEAT target_type=call_site elapsed_min=217.1 files_done=74 resolved=2179 errors=10393 current=src/utils/StringUtils.ts
[2026-04-10T02:35:56Z] [iter=1] HEARTBEAT target_type=call_site elapsed_min=217.7 files_done=75 resolved=2180 errors=10422 current=src/tests/compiler/ast/base/exportableNodeTests.ts
[2026-04-10T02:37:58Z] [iter=1] HEARTBEAT target_type=call_site elapsed_min=219.7 files_done=76 resolved=2223 errors=10520 current=src/manipulation/manipulations/doManipulation.ts
[2026-04-10T02:39:10Z] [iter=1] HEARTBEAT target_type=call_site elapsed_min=220.9 files_done=78 resolved=2224 errors=10578 current=src/tests/compiler/ast/common/syntaxListTests.ts
[2026-04-10T02:40:04Z] [iter=1] HEARTBEAT target_type=call_site elapsed_min=221.9 files_done=79 resolved=2224 errors=10622 current=src/fileSystem/VirtualFileSystemHost.ts
[2026-04-10T02:41:50Z] [iter=1] HEARTBEAT target_type=call_site elapsed_min=223.6 files_done=80 resolved=2234 errors=10707 current=src/factories/CompilerFactory.ts
[2026-04-10T02:44:26Z] [iter=1] HEARTBEAT target_type=call_site elapsed_min=226.2 files_done=81 resolved=2235 errors=10833 current=src/tests/manipulation/manipulations/insertIntoCommaSeparatedNodesTests.ts
[2026-04-10T02:45:59Z] [iter=1] HEARTBEAT target_type=call_site elapsed_min=227.8 files_done=82 resolved=2235 errors=10908 current=src/manipulation/nodeHandlers/StraightReplacementNodeHandler.ts
[2026-04-10T02:49:54Z] [iter=1] HEARTBEAT target_type=call_site elapsed_min=231.7 files_done=84 resolved=2235 errors=11097 current=src/compiler/ast/module/ImportDeclaration.ts
[2026-04-10T02:53:00Z] [iter=1] HEARTBEAT target_type=call_site elapsed_min=234.8 files_done=85 resolved=2235 errors=11247 current=src/tests/compiler/ast/jsx/jsxAttributeTests.ts
[2026-04-10T02:54:38Z] [iter=1] HEARTBEAT target_type=call_site elapsed_min=236.4 files_done=86 resolved=2235 errors=11326 current=src/tests/compiler/symbols/symbolTests.ts
[2026-04-10T02:56:24Z] [iter=1] HEARTBEAT target_type=call_site elapsed_min=238.2 files_done=87 resolved=2275 errors=11411 current=scripts/generation/createStructurePrinterFactory.ts
[2026-04-10T02:57:17Z] [iter=1] HEARTBEAT target_type=call_site elapsed_min=239.1 files_done=88 resolved=2275 errors=11454 current=src/manipulation/nodeHandlers/ParentFinderReplacementNodeHandler.ts
[2026-04-10T02:58:14Z] [iter=1] CHECKPOINT TRIGGERED elapsed_min=240.0 files_completed=89 new_files_this_iter=89 mem_mb=938 MB
[2026-04-10T02:58:14Z] [iter=1] Writing partial enrichment graph path=/home/runner/work/forx/forx/storage/aggregate/lsp/686189cd860707bd96947156187310372eb7a85d.nq.gz triples=76054
[2026-04-10T02:58:16Z] [iter=1] Checkpoint written, exiting with code 7
[2026-04-10T02:58:16Z] [iter=1] PHASE END: enrich (checkpointed) elapsed_s=14401 elapsed_min=240.0 files_completed=89
