[2026-04-10T14:13:44Z] === ENRICH ITERATION 3 START | repo=dsherret/ts-morph sha=873a2b35 ===
[2026-04-10T14:13:44Z] [iter=3] PHASE START: enrich repo=dsherret/ts-morph sha=873a2b35 runlog=/home/runner/work/forx/forx/storage/aggregate/lsp/logs/873a2b35-enrich-iter-003.log output=/home/runner/work/forx/forx/storage/aggregate/lsp/873a2b351f4cb5ab5cebc77ec1dd88192f54ca22.nq.gz
[2026-04-10T14:14:20Z] [iter=3] Step 1: Loading AST into disk-backed store mem_mb=80 MB
[2026-04-10T14:14:48Z] [iter=3] AST store loaded triples=3200252 load_secs=27 mem_mb=943 MB
[2026-04-10T14:14:48Z] [iter=3] Step 2: Finding LSP targets mem_mb=943 MB
[2026-04-10T14:14:54Z] [iter=3] LSP targets found call_sites=33880 imports=3297 extends=868 implements=22 secs=6
[2026-04-10T14:15:00Z] [iter=3] Loaded checkpoint partial graph triples=136473
[2026-04-10T14:15:04Z] [iter=3] Step 2.7: Building position index (one-shot, shared across resolvers) mem_mb=943 MB
[2026-04-10T14:15:22Z] [iter=3] Position index built positions=208158 nodes_with_types=258544 secs=18 mem_mb=943 MB
[2026-04-10T14:15:22Z] [iter=3] Step 3: Starting LSP resolution mem_mb=943 MB already_completed_types=[] already_completed_files=587
[2026-04-10T14:15:22Z] [iter=3] Resolving target type target_type=call_site count=33880
[2026-04-10T14:15:22Z] [iter=3] HEARTBEAT target_type=call_site elapsed_min=1.6 files_done=0 resolved=0 errors=0 current=src/compiler/ast/base/helpers/hasBlock.ts
[2026-04-10T14:15:54Z] [iter=3] HEARTBEAT target_type=call_site elapsed_min=2.2 files_done=8 resolved=3 errors=23 current=src/compiler/ast/expression/expressioned/UnaryExpressionedNode.ts
[2026-04-10T14:16:28Z] [iter=3] HEARTBEAT target_type=call_site elapsed_min=2.7 files_done=17 resolved=6 errors=49 current=src/errors/classes/NotImplementedError.ts
[2026-04-10T14:17:03Z] [iter=3] HEARTBEAT target_type=call_site elapsed_min=3.3 files_done=26 resolved=6 errors=75 current=src/structurePrinters/common/object/SpreadAssignmentStructurePrinter.ts
[2026-04-10T14:17:33Z] [iter=3] HEARTBEAT target_type=call_site elapsed_min=3.8 files_done=35 resolved=6 errors=98 current=src/compiler/ast/statement/IterationStatement.ts
[2026-04-10T14:18:06Z] [iter=3] HEARTBEAT target_type=call_site elapsed_min=4.4 files_done=53 resolved=9 errors=122 current=src/utils/matchGlobs.ts
[2026-04-10T14:18:36Z] [iter=3] HEARTBEAT target_type=call_site elapsed_min=4.9 files_done=67 resolved=23 errors=145 current=src/compiler/ast/expression/expressioned/ExpressionedNode.ts
[2026-04-10T14:19:06Z] [iter=3] HEARTBEAT target_type=call_site elapsed_min=5.4 files_done=81 resolved=28 errors=168 current=src/compiler/ast/common/ComputedPropertyName.ts
[2026-04-10T14:19:38Z] [iter=3] HEARTBEAT target_type=call_site elapsed_min=5.9 files_done=101 resolved=28 errors=192 current=src/compiler/ast/jsx/base/JsxTagNamedNode.ts
[2026-04-10T14:19:53Z] [iter=3] Target type resolved target_type=call_site resolved=32 errors=200 secs=271 mem_mb=943 MB
[2026-04-10T14:19:53Z] [iter=3] Resolving target type target_type=import_statement count=3297
[2026-04-10T14:19:58Z] [iter=3] Target type resolved target_type=import_statement resolved=490 errors=0 secs=5 mem_mb=943 MB
[2026-04-10T14:19:58Z] [iter=3] Resolving target type target_type=extends_clause count=868
[2026-04-10T14:20:02Z] [iter=3] Target type resolved target_type=extends_clause resolved=687 errors=0 secs=4 mem_mb=943 MB
[2026-04-10T14:20:02Z] [iter=3] Resolving target type target_type=implements_clause count=22
[2026-04-10T14:20:04Z] [iter=3] Target type resolved target_type=implements_clause resolved=5 errors=0 secs=2 mem_mb=943 MB
[2026-04-10T14:20:24Z] [iter=3] Step 5: Writing final enrichment file triples=284301
[2026-04-10T14:20:32Z] [iter=3] Enrichment file written path=/home/runner/work/forx/forx/storage/aggregate/lsp/873a2b351f4cb5ab5cebc77ec1dd88192f54ca22.nq.gz size_kb=7169
[2026-04-10T14:20:32Z] [iter=3] Checkpoint cleared (enrichment complete)
[2026-04-10T14:20:32Z] [iter=3] PHASE END: enrich elapsed_s=408 elapsed_min=6.8 total_triples=284301
