[2026-04-10T10:26:00Z] === ENRICH ITERATION 2 START | repo=dsherret/ts-morph sha=873a2b35 ===
[2026-04-10T10:26:00Z] [iter=2] PHASE START: enrich repo=dsherret/ts-morph sha=873a2b35 runlog=/home/runner/work/forx/forx/storage/aggregate/lsp/logs/873a2b35-enrich-iter-002.log output=/home/runner/work/forx/forx/storage/aggregate/lsp/873a2b351f4cb5ab5cebc77ec1dd88192f54ca22.nq.gz
[2026-04-10T10:26:31Z] [iter=2] Step 1: Loading AST into disk-backed store mem_mb=81 MB
[2026-04-10T10:26:58Z] [iter=2] AST store loaded triples=3200252 load_secs=26 mem_mb=978 MB
[2026-04-10T10:26:58Z] [iter=2] Step 2: Finding LSP targets mem_mb=978 MB
[2026-04-10T10:27:03Z] [iter=2] LSP targets found call_sites=33880 imports=3297 extends=868 implements=22 secs=6
[2026-04-10T10:27:06Z] [iter=2] Loaded checkpoint partial graph triples=73790
[2026-04-10T10:27:10Z] [iter=2] Step 2.7: Building position index (one-shot, shared across resolvers) mem_mb=978 MB
[2026-04-10T10:27:29Z] [iter=2] Position index built positions=208158 nodes_with_types=258544 secs=19 mem_mb=978 MB
[2026-04-10T10:27:29Z] [iter=2] Step 3: Starting LSP resolution mem_mb=978 MB already_completed_types=[] already_completed_files=87
[2026-04-10T10:27:29Z] [iter=2] Resolving target type target_type=call_site count=33880
[2026-04-10T10:27:29Z] [iter=2] HEARTBEAT target_type=call_site elapsed_min=1.5 files_done=0 resolved=0 errors=0 current=scripts/inspectors/TsSimpleAstInspector.ts
[2026-04-10T10:28:50Z] [iter=2] HEARTBEAT target_type=call_site elapsed_min=2.8 files_done=1 resolved=1 errors=62 current=src/tests/compiler/ast/type/typeReferenceTests.ts
[2026-04-10T10:29:29Z] [iter=2] HEARTBEAT target_type=call_site elapsed_min=3.5 files_done=3 resolved=1 errors=92 current=src/tests/compiler/ast/base/staticableNodeTests.ts
[2026-04-10T10:30:11Z] [iter=2] HEARTBEAT target_type=call_site elapsed_min=4.2 files_done=4 resolved=18 errors=125 current=src/tests/compiler/ast/jsx/jsxAttributeTests.ts
[2026-04-10T10:31:52Z] [iter=2] HEARTBEAT target_type=call_site elapsed_min=5.9 files_done=5 resolved=18 errors=204 current=src/compiler/types/Type.ts
[2026-04-10T10:33:46Z] [iter=2] HEARTBEAT target_type=call_site elapsed_min=7.8 files_done=6 resolved=18 errors=294 current=src/Project.ts
[2026-04-10T10:36:14Z] [iter=2] HEARTBEAT target_type=call_site elapsed_min=10.2 files_done=7 resolved=21 errors=410 current=src/tests/compiler/ast/base/textInsertableNodeTests.ts
[2026-04-10T10:37:19Z] [iter=2] HEARTBEAT target_type=call_site elapsed_min=11.3 files_done=8 resolved=51 errors=461 current=src/tests/compiler/ast/base/returnTypedNodeTests.ts
[2026-04-10T10:38:15Z] [iter=2] HEARTBEAT target_type=call_site elapsed_min=12.2 files_done=9 resolved=72 errors=504 current=src/tests/utils/tsconfig/tsConfigResolverTests.ts
[2026-04-10T10:39:46Z] [iter=2] HEARTBEAT target_type=call_site elapsed_min=13.8 files_done=10 resolved=88 errors=575 current=src/tests/compiler/symbols/signatureTests.ts
[2026-04-10T10:40:51Z] [iter=2] HEARTBEAT target_type=call_site elapsed_min=14.9 files_done=11 resolved=88 errors=626 current=src/tests/compiler/ast/base/scopedNodeTests.ts
[2026-04-10T10:41:36Z] [iter=2] HEARTBEAT target_type=call_site elapsed_min=15.6 files_done=12 resolved=104 errors=661 current=src/structurePrinters/enum/EnumDeclarationStructurePrinter.ts
[2026-04-10T10:42:29Z] [iter=2] HEARTBEAT target_type=call_site elapsed_min=16.5 files_done=14 resolved=104 errors=703 current=src/tests/compiler/ast/statement/statementedNode/variableTests.ts
[2026-04-10T10:44:18Z] [iter=2] HEARTBEAT target_type=call_site elapsed_min=18.3 files_done=15 resolved=160 errors=788 current=src/errors/classes/ArgumentNullOrWhitespaceError.ts
[2026-04-10T10:48:59Z] [iter=2] HEARTBEAT target_type=call_site elapsed_min=23.0 files_done=17 resolved=160 errors=1010 current=src/utils/EventContainer.ts
[2026-04-10T10:50:10Z] [iter=2] HEARTBEAT target_type=call_site elapsed_min=24.2 files_done=19 resolved=160 errors=1066 current=src/tests/compiler/ast/base/exportableNodeTests.ts
[2026-04-10T10:52:15Z] [iter=2] HEARTBEAT target_type=call_site elapsed_min=26.3 files_done=20 resolved=203 errors=1164 current=scripts/generation/createCodeBlockWriterFile.ts
[2026-04-10T10:52:52Z] [iter=2] HEARTBEAT target_type=call_site elapsed_min=26.9 files_done=21 resolved=203 errors=1192 current=src/tests/compiler/ast/base/awaitableNodeTests.ts
[2026-04-10T10:53:58Z] [iter=2] HEARTBEAT target_type=call_site elapsed_min=28.0 files_done=22 resolved=203 errors=1244 current=src/compiler/ast/module/ImportSpecifier.ts
[2026-04-10T10:54:55Z] [iter=2] HEARTBEAT target_type=call_site elapsed_min=28.9 files_done=23 resolved=203 errors=1286 current=scripts/common/removeImportTypes.ts
[2026-04-10T10:55:36Z] [iter=2] HEARTBEAT target_type=call_site elapsed_min=29.6 files_done=25 resolved=219 errors=1318 current=src/structurePrinters/interface/PropertySignatureStructurePrinter.ts
[2026-04-10T10:56:47Z] [iter=2] HEARTBEAT target_type=call_site elapsed_min=30.8 files_done=28 resolved=238 errors=1374 current=src/tests/compiler/tools/diagnosticTests.ts
[2026-04-10T10:57:27Z] [iter=2] HEARTBEAT target_type=call_site elapsed_min=31.4 files_done=29 resolved=238 errors=1405 current=src/tests/compiler/ast/module/namespaceImportTests.ts
[2026-04-10T11:00:30Z] [iter=2] HEARTBEAT target_type=call_site elapsed_min=34.5 files_done=31 resolved=251 errors=1549 current=src/tests/compiler/ast/base/name/propertyNamedNodeTests.ts
[2026-04-10T11:01:15Z] [iter=2] HEARTBEAT target_type=call_site elapsed_min=35.3 files_done=32 resolved=279 errors=1582 current=src/tests/manipulation/verifyAndGetIndexTests.ts
[2026-04-10T11:05:55Z] [iter=2] HEARTBEAT target_type=call_site elapsed_min=39.9 files_done=34 resolved=289 errors=1800 current=scripts/inspectors/WrapperFactory.ts
[2026-04-10T11:06:29Z] [iter=2] HEARTBEAT target_type=call_site elapsed_min=40.5 files_done=37 resolved=291 errors=1826 current=src/compiler/ast/statement/SwitchStatement.ts
[2026-04-10T11:07:42Z] [iter=2] HEARTBEAT target_type=call_site elapsed_min=41.7 files_done=39 resolved=319 errors=1883 current=src/tests/compiler/ast/doc/jsDocTagTests.ts
[2026-04-10T11:08:18Z] [iter=2] HEARTBEAT target_type=call_site elapsed_min=42.3 files_done=41 resolved=319 errors=1912 current=src/compiler/ast/base/TypeParameteredNode.ts
[2026-04-10T11:08:50Z] [iter=2] HEARTBEAT target_type=call_site elapsed_min=42.8 files_done=42 resolved=336 errors=1937 current=src/factories/InProjectCoordinator.ts
[2026-04-10T11:09:45Z] [iter=2] HEARTBEAT target_type=call_site elapsed_min=43.7 files_done=43 resolved=336 errors=1980 current=src/tests/compiler/ast/expression/object/spreadAssignmentTests.ts
[2026-04-10T11:10:24Z] [iter=2] HEARTBEAT target_type=call_site elapsed_min=44.4 files_done=44 resolved=336 errors=2011 current=src/tests/compiler/type/typeParameterTests.ts
[2026-04-10T11:11:14Z] [iter=2] HEARTBEAT target_type=call_site elapsed_min=45.2 files_done=45 resolved=336 errors=2050 current=src/tests/compiler/ast/module/importEqualsDeclarationTests.ts
[2026-04-10T11:12:16Z] [iter=2] HEARTBEAT target_type=call_site elapsed_min=46.3 files_done=46 resolved=356 errors=2099 current=src/tests/compiler/ast/base/generatorableNodeTests.ts
[2026-04-10T11:13:05Z] [iter=2] HEARTBEAT target_type=call_site elapsed_min=47.1 files_done=47 resolved=379 errors=2137 current=src/compiler/ast/class/ConstructorDeclaration.ts
[2026-04-10T11:13:45Z] [iter=2] HEARTBEAT target_type=call_site elapsed_min=47.8 files_done=48 resolved=379 errors=2169 current=src/tests/compiler/ast/statement/variableStatementTests.ts
[2026-04-10T11:14:54Z] [iter=2] HEARTBEAT target_type=call_site elapsed_min=48.9 files_done=49 resolved=407 errors=2223 current=src/tests/compiler/ast/statement/statementedNode/typeAliasTests.ts
[2026-04-10T11:15:51Z] [iter=2] HEARTBEAT target_type=call_site elapsed_min=49.9 files_done=50 resolved=442 errors=2268 current=src/compiler/tools/results/DefinitionInfo.ts
[2026-04-10T11:17:02Z] [iter=2] HEARTBEAT target_type=call_site elapsed_min=51.0 files_done=52 resolved=442 errors=2323 current=src/tests/compiler/ast/statement/statementedNode/interfaceTests.ts
[2026-04-10T11:17:56Z] [iter=2] HEARTBEAT target_type=call_site elapsed_min=51.9 files_done=53 resolved=477 errors=2366 current=src/compiler/ast/base/QuestionTokenableNode.ts
[2026-04-10T11:18:48Z] [iter=2] HEARTBEAT target_type=call_site elapsed_min=52.8 files_done=57 resolved=499 errors=2406 current=src/compiler/ast/class/base/AbstractableNode.ts
[2026-04-10T11:20:26Z] [iter=2] HEARTBEAT target_type=call_site elapsed_min=54.4 files_done=60 resolved=533 errors=2483 current=src/structurePrinters/class/SetAccessorDeclarationStructurePrinter.ts
[2026-04-10T11:21:08Z] [iter=2] HEARTBEAT target_type=call_site elapsed_min=55.1 files_done=62 resolved=538 errors=2516 current=src/tests/compiler/ast/statement/variableDeclarationListTests.ts
[2026-04-10T11:22:45Z] [iter=2] HEARTBEAT target_type=call_site elapsed_min=56.7 files_done=63 resolved=538 errors=2592 current=src/compiler/ast/jsx/JsxSpreadAttribute.ts
[2026-04-10T11:24:19Z] [iter=2] HEARTBEAT target_type=call_site elapsed_min=58.3 files_done=65 resolved=572 errors=2666 current=src/compiler/ast/base/JSDocableNode.ts
[2026-04-10T11:26:15Z] [iter=2] HEARTBEAT target_type=call_site elapsed_min=60.3 files_done=67 resolved=586 errors=2758 current=src/tests/compiler/ast/expression/callExpressionTests.ts
[2026-04-10T11:27:02Z] [iter=2] HEARTBEAT target_type=call_site elapsed_min=61.0 files_done=69 resolved=589 errors=2794 current=src/tests/compiler/ast/statement/statementedNode/namespaceTests.ts
[2026-04-10T11:28:06Z] [iter=2] HEARTBEAT target_type=call_site elapsed_min=62.1 files_done=70 resolved=628 errors=2845 current=src/tests/compiler/ast/expression/object/objectLiteralExpressionTests.ts
[2026-04-10T11:33:06Z] [iter=2] HEARTBEAT target_type=call_site elapsed_min=67.1 files_done=71 resolved=628 errors=3081 current=src/compiler/ast/class/ClassDeclaration.ts
[2026-04-10T11:36:31Z] [iter=2] HEARTBEAT target_type=call_site elapsed_min=70.5 files_done=72 resolved=628 errors=3241 current=src/compiler/ast/base/initializer/InitializerSetExpressionableNode.ts
[2026-04-10T11:37:35Z] [iter=2] HEARTBEAT target_type=call_site elapsed_min=71.6 files_done=74 resolved=671 errors=3291 current=src/compiler/ast/decorator/Decorator.ts
[2026-04-10T11:39:24Z] [iter=2] HEARTBEAT target_type=call_site elapsed_min=73.4 files_done=75 resolved=671 errors=3377 current=src/compiler/ast/interface/InterfaceDeclaration.ts
[2026-04-10T11:39:55Z] [iter=2] HEARTBEAT target_type=call_site elapsed_min=73.9 files_done=76 resolved=671 errors=3401 current=src/tests/compiler/ast/expression/propertyAccessExpressionTests.ts
[2026-04-10T11:40:30Z] [iter=2] HEARTBEAT target_type=call_site elapsed_min=74.5 files_done=77 resolved=671 errors=3429 current=src/structurePrinters/module/NamespaceDeclarationStructurePrinter.ts
[2026-04-10T11:41:58Z] [iter=2] HEARTBEAT target_type=call_site elapsed_min=76.0 files_done=79 resolved=671 errors=3498 current=src/compiler/ast/base/AmbientableNode.ts
[2026-04-10T11:43:05Z] [iter=2] HEARTBEAT target_type=call_site elapsed_min=77.1 files_done=82 resolved=677 errors=3551 current=scripts/verification/ensureStructuresMatchClasses.ts
[2026-04-10T11:43:48Z] [iter=2] HEARTBEAT target_type=call_site elapsed_min=77.8 files_done=83 resolved=679 errors=3585 current=src/tests/compiler/ast/statement/statementedNode/functionTests.ts
[2026-04-10T11:44:53Z] [iter=2] HEARTBEAT target_type=call_site elapsed_min=78.9 files_done=84 resolved=716 errors=3636 current=src/compiler/ast/expression/TypeOfExpression.ts
[2026-04-10T11:46:09Z] [iter=2] HEARTBEAT target_type=call_site elapsed_min=80.1 files_done=86 resolved=716 errors=3695 current=src/tests/compiler/ast/base/name/namedNodeTests.ts
[2026-04-10T11:47:01Z] [iter=2] HEARTBEAT target_type=call_site elapsed_min=81.0 files_done=87 resolved=744 errors=3736 current=src/utils/tsconfig/TsConfigResolver.ts
[2026-04-10T11:47:40Z] [iter=2] HEARTBEAT target_type=call_site elapsed_min=81.7 files_done=88 resolved=744 errors=3767 current=src/utils/tsconfig/getTsParseConfigHost.ts
[2026-04-10T11:48:13Z] [iter=2] HEARTBEAT target_type=call_site elapsed_min=82.2 files_done=91 resolved=750 errors=3793 current=src/tests/compiler/ast/base/bodyableNodeTests.ts
[2026-04-10T11:49:36Z] [iter=2] HEARTBEAT target_type=call_site elapsed_min=83.6 files_done=92 resolved=770 errors=3858 current=src/tests/compiler/ast/doc/base/jsDocPropertyLikeTag.ts
[2026-04-10T11:51:30Z] [iter=2] HEARTBEAT target_type=call_site elapsed_min=85.5 files_done=94 resolved=770 errors=3948 current=src/tests/compiler/ast/base/modifierableNodeTests.ts
[2026-04-10T11:52:44Z] [iter=2] HEARTBEAT target_type=call_site elapsed_min=86.7 files_done=95 resolved=811 errors=4006 current=src/tests/manipulation/textSeek/getPosAtNextNonBlankLineTests.ts
[2026-04-10T11:53:23Z] [iter=2] HEARTBEAT target_type=call_site elapsed_min=87.4 files_done=97 resolved=814 errors=4036 current=src/tests/compiler/ast/expression/array/arrayLiteralExpressionTests.ts
[2026-04-10T11:55:23Z] [iter=2] HEARTBEAT target_type=call_site elapsed_min=89.4 files_done=98 resolved=814 errors=4131 current=src/structurePrinters/interface/InterfaceDeclarationStructurePrinter.ts
[2026-04-10T11:56:03Z] [iter=2] HEARTBEAT target_type=call_site elapsed_min=90.0 files_done=100 resolved=814 errors=4162 current=src/tests/compiler/ast/statement/switchStatementTests.ts
[2026-04-10T11:56:46Z] [iter=2] HEARTBEAT target_type=call_site elapsed_min=90.8 files_done=101 resolved=814 errors=4196 current=src/compiler/ast/variable/VariableDeclaration.ts
[2026-04-10T11:57:16Z] [iter=2] HEARTBEAT target_type=call_site elapsed_min=91.3 files_done=103 resolved=816 errors=4220 current=src/compiler/tools/Program.ts
[2026-04-10T11:57:50Z] [iter=2] HEARTBEAT target_type=call_site elapsed_min=91.8 files_done=104 resolved=816 errors=4246 current=src/tests/issues/437tests.ts
[2026-04-10T11:58:28Z] [iter=2] HEARTBEAT target_type=call_site elapsed_min=92.5 files_done=106 resolved=848 errors=4276 current=src/manipulation/textManipulators/RenameLocationTextManipulator.ts
[2026-04-10T12:02:04Z] [iter=2] HEARTBEAT target_type=call_site elapsed_min=96.1 files_done=108 resolved=947 errors=4445 current=src/ProjectContext.ts
[2026-04-10T12:02:38Z] [iter=2] HEARTBEAT target_type=call_site elapsed_min=96.6 files_done=110 resolved=947 errors=4472 current=src/structurePrinters/module/NamedImportExportSpecifierStructurePrinter.ts
[2026-04-10T12:03:19Z] [iter=2] HEARTBEAT target_type=call_site elapsed_min=97.3 files_done=112 resolved=947 errors=4504 current=src/tests/compiler/ast/expression/object/shorthandPropertyAssignmentTests.ts
[2026-04-10T12:05:08Z] [iter=2] HEARTBEAT target_type=call_site elapsed_min=99.1 files_done=113 resolved=947 errors=4590 current=src/compiler/ast/base/name/NameableNode.ts
[2026-04-10T12:05:41Z] [iter=2] HEARTBEAT target_type=call_site elapsed_min=99.7 files_done=115 resolved=960 errors=4616 current=src/compiler/tools/results/DiagnosticWithLocation.ts
[2026-04-10T12:07:30Z] [iter=2] HEARTBEAT target_type=call_site elapsed_min=101.5 files_done=117 resolved=960 errors=4701 current=src/tests/compiler/ast/type/functionTypeNodeTests.ts
[2026-04-10T12:08:05Z] [iter=2] HEARTBEAT target_type=call_site elapsed_min=102.1 files_done=118 resolved=960 errors=4729 current=scripts/verification/ensureOverloadStructuresMatch.ts
[2026-04-10T12:08:44Z] [iter=2] HEARTBEAT target_type=call_site elapsed_min=102.7 files_done=119 resolved=960 errors=4759 current=src/manipulation/manipulations/replaction.ts
[2026-04-10T12:10:13Z] [iter=2] HEARTBEAT target_type=call_site elapsed_min=104.2 files_done=122 resolved=974 errors=4828 current=src/tests/compiler/ast/function/functionDeclarationTests.ts
[2026-04-10T12:11:23Z] [iter=2] HEARTBEAT target_type=call_site elapsed_min=105.4 files_done=123 resolved=1000 errors=4883 current=src/compiler/ast/base/helpers/getBodyTextWithoutLeadingIndentation.ts
[2026-04-10T12:12:08Z] [iter=2] HEARTBEAT target_type=call_site elapsed_min=106.1 files_done=125 resolved=1011 errors=4918 current=src/compiler/ast/module/ExportSpecifier.ts
[2026-04-10T12:13:11Z] [iter=2] HEARTBEAT target_type=call_site elapsed_min=107.2 files_done=126 resolved=1011 errors=4968 current=src/tests/compiler/ast/jsx/jsxSelfClosingElementTests.ts
[2026-04-10T12:13:54Z] [iter=2] HEARTBEAT target_type=call_site elapsed_min=107.9 files_done=127 resolved=1011 errors=5002 current=src/tests/issues/415tests.ts
[2026-04-10T12:14:36Z] [iter=2] HEARTBEAT target_type=call_site elapsed_min=108.6 files_done=129 resolved=1029 errors=5035 current=src/tests/compiler/ast/type/expressionWithTypeArgumentsTests.ts
[2026-04-10T12:15:59Z] [iter=2] HEARTBEAT target_type=call_site elapsed_min=110.0 files_done=131 resolved=1039 errors=5100 current=src/utils/Es5PropSaver.ts
[2026-04-10T12:16:35Z] [iter=2] HEARTBEAT target_type=call_site elapsed_min=110.6 files_done=133 resolved=1056 errors=5128 current=scripts/verification/validateCompilerNodeToWrappedType.ts
[2026-04-10T12:17:12Z] [iter=2] HEARTBEAT target_type=call_site elapsed_min=111.2 files_done=135 resolved=1059 errors=5157 current=scripts/verification/ensureOrThrowExists.ts
[2026-04-10T12:17:59Z] [iter=2] HEARTBEAT target_type=call_site elapsed_min=112.0 files_done=136 resolved=1059 errors=5194 current=src/factories/DirectoryCache.ts
[2026-04-10T12:19:41Z] [iter=2] HEARTBEAT target_type=call_site elapsed_min=113.7 files_done=137 resolved=1060 errors=5274 current=src/compiler/ast/interface/MethodSignature.ts
[2026-04-10T12:20:42Z] [iter=2] HEARTBEAT target_type=call_site elapsed_min=114.7 files_done=139 resolved=1080 errors=5322 current=src/fileSystem/DefaultFileSystemHost.ts
[2026-04-10T12:21:36Z] [iter=2] HEARTBEAT target_type=call_site elapsed_min=115.6 files_done=140 resolved=1081 errors=5365 current=src/tests/compiler/ast/literal/stringLiteralTests.ts
[2026-04-10T12:22:23Z] [iter=2] HEARTBEAT target_type=call_site elapsed_min=116.4 files_done=141 resolved=1081 errors=5402 current=src/tests/utils/tsconfig/getCompilerOptionsFromTsConfigTests.ts
[2026-04-10T12:23:03Z] [iter=2] HEARTBEAT target_type=call_site elapsed_min=117.0 files_done=143 resolved=1089 errors=5433 current=src/utils/fillDefaultFormatCodeSettings.ts
[2026-04-10T12:23:36Z] [iter=2] HEARTBEAT target_type=call_site elapsed_min=117.6 files_done=146 resolved=1108 errors=5459 current=src/compiler/ast/statement/ContinueStatement.ts
[2026-04-10T12:24:28Z] [iter=2] HEARTBEAT target_type=call_site elapsed_min=118.5 files_done=148 resolved=1127 errors=5500 current=src/tests/compiler/ast/base/childOrderableNodeTests.ts
[2026-04-10T12:25:18Z] [iter=2] HEARTBEAT target_type=call_site elapsed_min=119.3 files_done=149 resolved=1135 errors=5539 current=src/tests/compiler/ast/expression/conditionalExpressionTests.ts
[2026-04-10T12:25:57Z] [iter=2] HEARTBEAT target_type=call_site elapsed_min=120.0 files_done=150 resolved=1135 errors=5570 current=src/compiler/ast/variable/VariableDeclarationList.ts
[2026-04-10T12:26:45Z] [iter=2] HEARTBEAT target_type=call_site elapsed_min=120.7 files_done=151 resolved=1135 errors=5607 current=scripts/refactor.ts
[2026-04-10T12:27:18Z] [iter=2] HEARTBEAT target_type=call_site elapsed_min=121.3 files_done=153 resolved=1143 errors=5633 current=src/tests/compiler/ast/class/classDeclarationTests.ts
[2026-04-10T12:28:07Z] [iter=2] HEARTBEAT target_type=call_site elapsed_min=122.1 files_done=154 resolved=1155 errors=5671 current=src/tests/compiler/ast/type/typeAliasDeclarationTests.ts
[2026-04-10T12:29:52Z] [iter=2] HEARTBEAT target_type=call_site elapsed_min=123.9 files_done=156 resolved=1161 errors=5754 current=src/compiler/ast/type/IntersectionTypeNode.ts
[2026-04-10T12:30:29Z] [iter=2] HEARTBEAT target_type=call_site elapsed_min=124.5 files_done=159 resolved=1177 errors=5783 current=src/compiler/ast/base/ChildOrderableNode.ts
[2026-04-10T12:31:29Z] [iter=2] HEARTBEAT target_type=call_site elapsed_min=125.5 files_done=161 resolved=1181 errors=5830 current=src/compiler/ast/base/ModuledNode.ts
[2026-04-10T12:32:34Z] [iter=2] HEARTBEAT target_type=call_site elapsed_min=126.6 files_done=162 resolved=1235 errors=5881 current=src/factories/ForgetfulNodeCache.ts
[2026-04-10T12:33:09Z] [iter=2] HEARTBEAT target_type=call_site elapsed_min=127.2 files_done=165 resolved=1237 errors=5909 current=src/tests/compiler/ast/base/decoratableNodeTests.ts
[2026-04-10T12:34:31Z] [iter=2] HEARTBEAT target_type=call_site elapsed_min=128.5 files_done=166 resolved=1274 errors=5973 current=src/tests/compiler/ast/expression/expressioned/leftHandSideExpressionedNodeTests.ts
[2026-04-10T12:35:09Z] [iter=2] HEARTBEAT target_type=call_site elapsed_min=129.1 files_done=169 resolved=1274 errors=6003 current=src/compiler/ast/expression/object/ObjectLiteralExpression.ts
[2026-04-10T12:36:07Z] [iter=2] HEARTBEAT target_type=call_site elapsed_min=130.1 files_done=170 resolved=1274 errors=6049 current=src/factories/StructurePrinterFactory.ts
[2026-04-10T12:36:44Z] [iter=2] HEARTBEAT target_type=call_site elapsed_min=130.7 files_done=174 resolved=1282 errors=6078 current=scripts/generation/flattenDeclarationFiles.ts
[2026-04-10T12:37:21Z] [iter=2] HEARTBEAT target_type=call_site elapsed_min=131.4 files_done=175 resolved=1282 errors=6107 current=src/compiler/ast/module/ExportAssignment.ts
[2026-04-10T12:38:09Z] [iter=2] HEARTBEAT target_type=call_site elapsed_min=132.2 files_done=177 resolved=1282 errors=6145 current=src/compiler/ast/function/OverloadableNode.ts
[2026-04-10T12:38:51Z] [iter=2] HEARTBEAT target_type=call_site elapsed_min=132.9 files_done=178 resolved=1288 errors=6178 current=src/tests/compiler/ast/statement/caseBlockTests.ts
[2026-04-10T12:39:33Z] [iter=2] HEARTBEAT target_type=call_site elapsed_min=133.6 files_done=179 resolved=1288 errors=6211 current=src/tests/typescript/tsInternalTests.ts
[2026-04-10T12:41:37Z] [iter=2] HEARTBEAT target_type=call_site elapsed_min=135.6 files_done=181 resolved=1322 errors=6308 current=src/compiler/symbols/Symbol.ts
[2026-04-10T12:42:32Z] [iter=2] HEARTBEAT target_type=call_site elapsed_min=136.5 files_done=182 resolved=1322 errors=6351 current=src/tests/compiler/ast/function/arrowFunctionTests.ts
[2026-04-10T12:43:08Z] [iter=2] HEARTBEAT target_type=call_site elapsed_min=137.1 files_done=184 resolved=1322 errors=6380 current=src/tests/compiler/ast/jsx/jsxOpeningElementTests.ts
[2026-04-10T12:44:01Z] [iter=2] HEARTBEAT target_type=call_site elapsed_min=138.0 files_done=186 resolved=1322 errors=6421 current=src/fileSystem/DirectoryCoordinator.ts
[2026-04-10T12:44:32Z] [iter=2] HEARTBEAT target_type=call_site elapsed_min=138.5 files_done=188 resolved=1322 errors=6445 current=src/tests/compiler/ast/base/parameteredNodeTests.ts
[2026-04-10T12:45:37Z] [iter=2] HEARTBEAT target_type=call_site elapsed_min=139.6 files_done=189 resolved=1357 errors=6496 current=src/compiler/ast/base/ImplementsClauseableNode.ts
[2026-04-10T12:46:20Z] [iter=2] HEARTBEAT target_type=call_site elapsed_min=140.3 files_done=191 resolved=1388 errors=6530 current=src/tests/compiler/ast/type/tupleTypeNodeTests.ts
[2026-04-10T12:47:23Z] [iter=2] HEARTBEAT target_type=call_site elapsed_min=141.4 files_done=193 resolved=1420 errors=6580 current=src/tests/compiler/ast/statement/continueStatementTests.ts
[2026-04-10T12:48:07Z] [iter=2] HEARTBEAT target_type=call_site elapsed_min=142.1 files_done=195 resolved=1431 errors=6614 current=src/tests/compiler/ast/statement/labeledStatementTests.ts
[2026-04-10T12:48:37Z] [iter=2] HEARTBEAT target_type=call_site elapsed_min=142.6 files_done=197 resolved=1431 errors=6638 current=scripts/inspectors/ts/TsNodeProperty.ts
[2026-04-10T12:49:34Z] [iter=2] HEARTBEAT target_type=call_site elapsed_min=143.6 files_done=199 resolved=1437 errors=6682 current=src/structurePrinters/module/ImportDeclarationStructurePrinter.ts
[2026-04-10T12:50:04Z] [iter=2] HEARTBEAT target_type=call_site elapsed_min=144.1 files_done=201 resolved=1438 errors=6706 current=src/tests/utils/arrayUtilsTests.ts
[2026-04-10T12:50:47Z] [iter=2] HEARTBEAT target_type=call_site elapsed_min=144.8 files_done=202 resolved=1468 errors=6739 current=src/structurePrinters/module/ExportDeclarationStructurePrinter.ts
[2026-04-10T12:51:55Z] [iter=2] HEARTBEAT target_type=call_site elapsed_min=145.9 files_done=205 resolved=1471 errors=6793 current=src/compiler/ast/statement/ForStatement.ts
[2026-04-10T12:52:50Z] [iter=2] HEARTBEAT target_type=call_site elapsed_min=146.8 files_done=207 resolved=1471 errors=6836 current=src/structurePrinters/types/TypeAliasDeclarationStructurePrinter.ts
[2026-04-10T12:53:34Z] [iter=2] HEARTBEAT target_type=call_site elapsed_min=147.6 files_done=209 resolved=1471 errors=6871 current=src/tests/compiler/tools/typeCheckerTests.ts
[2026-04-10T12:54:26Z] [iter=2] HEARTBEAT target_type=call_site elapsed_min=148.4 files_done=212 resolved=1481 errors=6911 current=src/compiler/ast/expression/object/PropertyAssignment.ts
[2026-04-10T12:55:06Z] [iter=2] HEARTBEAT target_type=call_site elapsed_min=149.1 files_done=213 resolved=1481 errors=6943 current=src/manipulation/helpers/getMixinStructureFunctions.ts
[2026-04-10T12:55:39Z] [iter=2] HEARTBEAT target_type=call_site elapsed_min=149.7 files_done=214 resolved=1481 errors=6969 current=src/manipulation/formatting/hasBody.ts
[2026-04-10T12:56:15Z] [iter=2] HEARTBEAT target_type=call_site elapsed_min=150.3 files_done=217 resolved=1482 errors=6997 current=src/tests/utils/eventContainerTests.ts
[2026-04-10T12:56:48Z] [iter=2] HEARTBEAT target_type=call_site elapsed_min=150.8 files_done=220 resolved=1492 errors=7023 current=src/tests/compiler/ast/statement/statementedNode/generalTests.ts
[2026-04-10T12:57:41Z] [iter=2] HEARTBEAT target_type=call_site elapsed_min=151.7 files_done=222 resolved=1492 errors=7064 current=scripts/generation/createTypeGuardsUtility.ts
[2026-04-10T12:59:04Z] [iter=2] HEARTBEAT target_type=call_site elapsed_min=153.1 files_done=223 resolved=1492 errors=7130 current=src/manipulation/manipulations/removal.ts
[2026-04-10T13:00:00Z] [iter=2] HEARTBEAT target_type=call_site elapsed_min=154.0 files_done=224 resolved=1492 errors=7174 current=src/tests/compiler/ast/bindings/bindingElementTests.ts
[2026-04-10T13:00:39Z] [iter=2] HEARTBEAT target_type=call_site elapsed_min=154.7 files_done=225 resolved=1508 errors=7205 current=src/compiler/ast/base/TypeElementMemberedNode.ts
[2026-04-10T13:01:30Z] [iter=2] HEARTBEAT target_type=call_site elapsed_min=155.5 files_done=226 resolved=1580 errors=7245 current=src/compiler/ast/module/NamespaceChildableNode.ts
[2026-04-10T13:02:42Z] [iter=2] HEARTBEAT target_type=call_site elapsed_min=156.7 files_done=228 resolved=1582 errors=7302 current=src/tests/compiler/ast/expression/prefixUnaryExpressionTests.ts
[2026-04-10T13:03:27Z] [iter=2] HEARTBEAT target_type=call_site elapsed_min=157.5 files_done=230 resolved=1584 errors=7337 current=scripts/verification/ensureDeclarationFilesNotChanged.ts
[2026-04-10T13:04:00Z] [iter=2] HEARTBEAT target_type=call_site elapsed_min=158.0 files_done=234 resolved=1587 errors=7362 current=src/compiler/ast/jsx/JsxSelfClosingElement.ts
[2026-04-10T13:05:14Z] [iter=2] HEARTBEAT target_type=call_site elapsed_min=159.2 files_done=236 resolved=1623 errors=7420 current=src/structurePrinters/statement/StatementedNodeStructurePrinter.ts
[2026-04-10T13:06:01Z] [iter=2] HEARTBEAT target_type=call_site elapsed_min=160.0 files_done=238 resolved=1623 errors=7457 current=src/compiler/ast/function/FunctionDeclaration.ts
[2026-04-10T13:07:02Z] [iter=2] HEARTBEAT target_type=call_site elapsed_min=161.0 files_done=239 resolved=1623 errors=7505 current=src/manipulation/textManipulators/RemoveChildrenWithFormattingTextManipulator.ts
[2026-04-10T13:07:41Z] [iter=2] HEARTBEAT target_type=call_site elapsed_min=161.7 files_done=240 resolved=1630 errors=7536 current=src/compiler/ast/literal/RegularExpressionLiteral.ts
[2026-04-10T13:08:13Z] [iter=2] HEARTBEAT target_type=call_site elapsed_min=162.2 files_done=243 resolved=1630 errors=7561 current=src/tests/utils/collections/sortedKeyValueArrayTests.ts
[2026-04-10T13:08:51Z] [iter=2] HEARTBEAT target_type=call_site elapsed_min=162.8 files_done=244 resolved=1638 errors=7591 current=src/tests/compiler/ast/expression/expressioned/unaryExpressionedNodeTests.ts
[2026-04-10T13:09:26Z] [iter=2] HEARTBEAT target_type=call_site elapsed_min=163.4 files_done=247 resolved=1644 errors=7618 current=src/compiler/ast/base/BodyableNode.ts
[2026-04-10T13:10:12Z] [iter=2] HEARTBEAT target_type=call_site elapsed_min=164.2 files_done=250 resolved=1660 errors=7654 current=src/tests/compiler/ast/statement/caseClauseTests.ts
[2026-04-10T13:11:00Z] [iter=2] HEARTBEAT target_type=call_site elapsed_min=165.0 files_done=253 resolved=1666 errors=7692 current=src/tests/structurePrinters/module/importDeclarationStructurePrinterTests.ts
[2026-04-10T13:11:32Z] [iter=2] HEARTBEAT target_type=call_site elapsed_min=165.5 files_done=256 resolved=1668 errors=7717 current=src/tests/compiler/ast/statement/throwStatementTests.ts
[2026-04-10T13:12:23Z] [iter=2] HEARTBEAT target_type=call_site elapsed_min=166.4 files_done=258 resolved=1668 errors=7757 current=src/manipulation/textManipulators/ChangingChildOrderTextManipulator.ts
[2026-04-10T13:13:09Z] [iter=2] HEARTBEAT target_type=call_site elapsed_min=167.1 files_done=259 resolved=1674 errors=7793 current=src/tests/issues/265tests.ts
[2026-04-10T13:13:46Z] [iter=2] HEARTBEAT target_type=call_site elapsed_min=167.8 files_done=261 resolved=1682 errors=7822 current=src/structurePrinters/base/ModifierableNodeStructurePrinter.ts
[2026-04-10T13:14:33Z] [iter=2] HEARTBEAT target_type=call_site elapsed_min=168.5 files_done=264 resolved=1684 errors=7859 current=src/structurePrinters/jsx/JsxElementStructurePrinter.ts
[2026-04-10T13:15:15Z] [iter=2] HEARTBEAT target_type=call_site elapsed_min=169.2 files_done=267 resolved=1684 errors=7892 current=src/tests/issues/312tests.ts
[2026-04-10T13:15:51Z] [iter=2] HEARTBEAT target_type=call_site elapsed_min=169.9 files_done=270 resolved=1686 errors=7921 current=src/tests/structurePrinters/interface/interfaceDeclarationStructurePrinterTests.ts
[2026-04-10T13:16:32Z] [iter=2] HEARTBEAT target_type=call_site elapsed_min=170.5 files_done=272 resolved=1699 errors=7953 current=scripts/generation/createStructurePrinterFactory.ts
[2026-04-10T13:17:28Z] [iter=2] HEARTBEAT target_type=call_site elapsed_min=171.5 files_done=273 resolved=1699 errors=7996 current=src/compiler/ast/type/ImportTypeNode.ts
[2026-04-10T13:18:11Z] [iter=2] HEARTBEAT target_type=call_site elapsed_min=172.2 files_done=275 resolved=1700 errors=8030 current=src/utils/compiler/getNodeByNameOrFindFunction.ts
[2026-04-10T13:18:43Z] [iter=2] HEARTBEAT target_type=call_site elapsed_min=172.7 files_done=278 resolved=1700 errors=8055 current=src/compiler/ast/common/CommentRange.ts
[2026-04-10T13:19:21Z] [iter=2] HEARTBEAT target_type=call_site elapsed_min=173.4 files_done=281 resolved=1700 errors=8085 current=src/compiler/ast/type/TypeParameterDeclaration.ts
[2026-04-10T13:20:26Z] [iter=2] HEARTBEAT target_type=call_site elapsed_min=174.4 files_done=282 resolved=1700 errors=8136 current=src/tests/compiler/ast/module/externalModuleReferenceTests.ts
[2026-04-10T13:21:03Z] [iter=2] HEARTBEAT target_type=call_site elapsed_min=175.1 files_done=283 resolved=1713 errors=8165 current=src/options/SettingsContainer.ts
[2026-04-10T13:21:44Z] [iter=2] HEARTBEAT target_type=call_site elapsed_min=175.7 files_done=287 resolved=1719 errors=8197 current=src/tests/compiler/ast/expression/expressioned/expressionedNodeTests.ts
[2026-04-10T13:22:47Z] [iter=2] HEARTBEAT target_type=call_site elapsed_min=176.8 files_done=289 resolved=1719 errors=8246 current=src/tests/compiler/ast/module/namespaceChildableNode.ts
[2026-04-10T13:23:26Z] [iter=2] HEARTBEAT target_type=call_site elapsed_min=177.4 files_done=291 resolved=1733 errors=8276 current=src/tests/structurePrinters/class/classDeclarationStructurePrinterTests.ts
[2026-04-10T13:24:46Z] [iter=2] HEARTBEAT target_type=call_site elapsed_min=178.8 files_done=293 resolved=1733 errors=8339 current=src/structurePrinters/interface/TypeElementMemberedNodeStructurePrinter.ts
[2026-04-10T13:25:26Z] [iter=2] HEARTBEAT target_type=call_site elapsed_min=179.4 files_done=295 resolved=1751 errors=8370 current=src/tests/compiler/ast/expression/elementAccessExpressionTests.ts
[2026-04-10T13:26:18Z] [iter=2] HEARTBEAT target_type=call_site elapsed_min=180.3 files_done=298 resolved=1755 errors=8411 current=src/compiler/ast/base/TypedNode.ts
[2026-04-10T13:26:53Z] [iter=2] HEARTBEAT target_type=call_site elapsed_min=180.9 files_done=300 resolved=1768 errors=8438 current=src/tests/compiler/ast/module/namedExportsTests.ts
[2026-04-10T13:27:47Z] [iter=2] HEARTBEAT target_type=call_site elapsed_min=181.8 files_done=303 resolved=1785 errors=8481 current=src/tests/compiler/ast/jsx/jsxSpreadAttributeTests.ts
[2026-04-10T13:28:39Z] [iter=2] HEARTBEAT target_type=call_site elapsed_min=182.7 files_done=304 resolved=1785 errors=8522 current=src/compiler/ast/statement/VariableStatement.ts
[2026-04-10T13:29:19Z] [iter=2] HEARTBEAT target_type=call_site elapsed_min=183.3 files_done=305 resolved=1785 errors=8553 current=src/manipulation/helpers/verifyAndGetIndex.ts
[2026-04-10T13:29:49Z] [iter=2] HEARTBEAT target_type=call_site elapsed_min=183.8 files_done=308 resolved=1785 errors=8577 current=scripts/common/getDeclarationProject.ts
[2026-04-10T13:30:38Z] [iter=2] HEARTBEAT target_type=call_site elapsed_min=184.6 files_done=311 resolved=1791 errors=8615 current=src/tests/issues/336tests.ts
[2026-04-10T13:31:43Z] [iter=2] HEARTBEAT target_type=call_site elapsed_min=185.7 files_done=313 resolved=1795 errors=8665 current=src/tests/compiler/ast/base/unwrappableNodeTests.ts
[2026-04-10T13:32:46Z] [iter=2] HEARTBEAT target_type=call_site elapsed_min=186.8 files_done=316 resolved=1807 errors=8715 current=src/tests/compiler/ast/interface/constructSignatureDeclarationTests.ts
[2026-04-10T13:33:19Z] [iter=2] HEARTBEAT target_type=call_site elapsed_min=187.3 files_done=318 resolved=1813 errors=8741 current=scripts/inspectors/tsSimpleAst/WrappedNode.ts
[2026-04-10T13:34:11Z] [iter=2] HEARTBEAT target_type=call_site elapsed_min=188.2 files_done=319 resolved=1815 errors=8781 current=src/structurePrinters/interface/CallSignatureDeclarationStructurePrinter.ts
[2026-04-10T13:35:16Z] [iter=2] HEARTBEAT target_type=call_site elapsed_min=189.3 files_done=322 resolved=1819 errors=8831 current=src/structurePrinters/class/ClassDeclarationStructurePrinter.ts
[2026-04-10T13:36:19Z] [iter=2] HEARTBEAT target_type=call_site elapsed_min=190.3 files_done=323 resolved=1819 errors=8881 current=src/tests/issues/484tests.ts
[2026-04-10T13:37:35Z] [iter=2] HEARTBEAT target_type=call_site elapsed_min=191.6 files_done=327 resolved=1819 errors=8940 current=src/compiler/ast/module/NamespaceImport.ts
[2026-04-10T13:38:13Z] [iter=2] HEARTBEAT target_type=call_site elapsed_min=192.2 files_done=330 resolved=1820 errors=8970 current=src/compiler/ast/expression/expressioned/ImportExpressionedNode.ts
[2026-04-10T13:39:04Z] [iter=2] HEARTBEAT target_type=call_site elapsed_min=193.1 files_done=334 resolved=1829 errors=9010 current=src/tests/compiler/ast/expression/binaryExpressionTests.ts
[2026-04-10T13:39:42Z] [iter=2] HEARTBEAT target_type=call_site elapsed_min=193.7 files_done=336 resolved=1847 errors=9040 current=src/tests/issues/421tests.ts
[2026-04-10T13:40:14Z] [iter=2] HEARTBEAT target_type=call_site elapsed_min=194.2 files_done=339 resolved=1854 errors=9065 current=src/utils/TypeScriptVersionChecker.ts
[2026-04-10T13:41:00Z] [iter=2] HEARTBEAT target_type=call_site elapsed_min=195.0 files_done=342 resolved=1855 errors=9101 current=src/factories/DocumentRegistry.ts
[2026-04-10T13:42:15Z] [iter=2] HEARTBEAT target_type=call_site elapsed_min=196.3 files_done=344 resolved=1856 errors=9160 current=src/structurePrinters/decorator/DecoratorStructurePrinter.ts
[2026-04-10T13:42:53Z] [iter=2] HEARTBEAT target_type=call_site elapsed_min=196.9 files_done=346 resolved=1856 errors=9190 current=src/structurePrinters/StructurePrinter.ts
[2026-04-10T13:43:26Z] [iter=2] HEARTBEAT target_type=call_site elapsed_min=197.4 files_done=350 resolved=1858 errors=9216 current=src/compiler/ast/literal/template/TaggedTemplateExpression.ts
[2026-04-10T13:44:04Z] [iter=2] HEARTBEAT target_type=call_site elapsed_min=198.1 files_done=353 resolved=1870 errors=9246 current=src/tests/compiler/ast/general/heritageClauseTests.ts
[2026-04-10T13:44:48Z] [iter=2] HEARTBEAT target_type=call_site elapsed_min=198.8 files_done=356 resolved=1873 errors=9280 current=src/compiler/ast/base/ScopedNode.ts
[2026-04-10T13:45:21Z] [iter=2] HEARTBEAT target_type=call_site elapsed_min=199.4 files_done=360 resolved=1895 errors=9306 current=src/structurePrinters/function/ParameterDeclarationStructurePrinter.ts
[2026-04-10T13:46:12Z] [iter=2] HEARTBEAT target_type=call_site elapsed_min=200.2 files_done=365 resolved=1897 errors=9346 current=src/structurePrinters/jsx/JsxAttributeStructurePrinter.ts
[2026-04-10T13:46:47Z] [iter=2] HEARTBEAT target_type=call_site elapsed_min=200.8 files_done=367 resolved=1897 errors=9373 current=src/compiler/ast/module/ModuleBlock.ts
[2026-04-10T13:47:21Z] [iter=2] HEARTBEAT target_type=call_site elapsed_min=201.4 files_done=372 resolved=1911 errors=9400 current=src/tests/compiler/ast/expression/yieldExpressionTests.ts
[2026-04-10T13:47:55Z] [iter=2] HEARTBEAT target_type=call_site elapsed_min=201.9 files_done=375 resolved=1913 errors=9426 current=src/compiler/ast/statement/ThrowStatement.ts
[2026-04-10T13:48:33Z] [iter=2] HEARTBEAT target_type=call_site elapsed_min=202.6 files_done=381 resolved=1920 errors=9456 current=scripts/common/hasInternalDocTag.ts
[2026-04-10T13:49:22Z] [iter=2] HEARTBEAT target_type=call_site elapsed_min=203.4 files_done=384 resolved=1921 errors=9494 current=src/tests/structurePrinters/module/exportDeclarationStructurePrinterTests.ts
[2026-04-10T13:49:55Z] [iter=2] HEARTBEAT target_type=call_site elapsed_min=203.9 files_done=388 resolved=1923 errors=9520 current=src/tests/compiler/ast/statement/whileStatementTests.ts
[2026-04-10T13:50:33Z] [iter=2] HEARTBEAT target_type=call_site elapsed_min=204.5 files_done=391 resolved=1924 errors=9550 current=src/manipulation/nodeHandlers/NodeHandlerFactory.ts
[2026-04-10T13:51:21Z] [iter=2] HEARTBEAT target_type=call_site elapsed_min=205.4 files_done=394 resolved=1932 errors=9588 current=src/compiler/tools/results/CodeAction.ts
[2026-04-10T13:52:12Z] [iter=2] HEARTBEAT target_type=call_site elapsed_min=206.2 files_done=397 resolved=1934 errors=9628 current=scripts/verification/ensurePublicApiHasTests.ts
[2026-04-10T13:52:52Z] [iter=2] HEARTBEAT target_type=call_site elapsed_min=206.9 files_done=398 resolved=1934 errors=9659 current=src/tests/issues/450tests.ts
[2026-04-10T13:53:26Z] [iter=2] HEARTBEAT target_type=call_site elapsed_min=207.4 files_done=401 resolved=1936 errors=9685 current=src/tests/compiler/ast/type/intersectionTypeNodeTests.ts
[2026-04-10T13:54:23Z] [iter=2] HEARTBEAT target_type=call_site elapsed_min=208.4 files_done=404 resolved=1936 errors=9730 current=src/utils/comparers/PropertyStoredComparer.ts
[2026-04-10T13:55:06Z] [iter=2] HEARTBEAT target_type=call_site elapsed_min=209.1 files_done=411 resolved=1948 errors=9763 current=src/tests/compiler/ast/base/heritageClauseableNodeTests.ts
[2026-04-10T13:55:45Z] [iter=2] HEARTBEAT target_type=call_site elapsed_min=209.7 files_done=415 resolved=1950 errors=9793 current=src/utils/getTextFromStringOrWriter.ts
[2026-04-10T13:56:23Z] [iter=2] HEARTBEAT target_type=call_site elapsed_min=210.4 files_done=419 resolved=1950 errors=9823 current=src/tests/compiler/ast/literal/template/templateSpanTests.ts
[2026-04-10T13:57:00Z] [iter=2] HEARTBEAT target_type=call_site elapsed_min=211.0 files_done=422 resolved=1950 errors=9852 current=src/compiler/ast/binding/BindingElement.ts
[2026-04-10T13:57:31Z] [iter=2] HEARTBEAT target_type=call_site elapsed_min=211.5 files_done=425 resolved=1962 errors=9876 current=src/structurePrinters/formatting/SpaceFormattingStructuresPrinter.ts
[2026-04-10T13:58:08Z] [iter=2] HEARTBEAT target_type=call_site elapsed_min=212.1 files_done=429 resolved=1963 errors=9905 current=src/tests/compiler/ast/statement/statementTests.ts
[2026-04-10T13:58:44Z] [iter=2] HEARTBEAT target_type=call_site elapsed_min=212.7 files_done=433 resolved=1965 errors=9933 current=src/compiler/ast/statement/CaseClause.ts
[2026-04-10T13:59:25Z] [iter=2] HEARTBEAT target_type=call_site elapsed_min=213.4 files_done=438 resolved=1965 errors=9965 current=src/tests/issues/460tests.ts
[2026-04-10T14:00:13Z] [iter=2] HEARTBEAT target_type=call_site elapsed_min=214.2 files_done=441 resolved=1969 errors=10002 current=src/structurePrinters/common/StringStructurePrinter.ts
[2026-04-10T14:00:48Z] [iter=2] HEARTBEAT target_type=call_site elapsed_min=214.8 files_done=443 resolved=1973 errors=10029 current=src/tests/issues/344tests.ts
[2026-04-10T14:01:19Z] [iter=2] HEARTBEAT target_type=call_site elapsed_min=215.3 files_done=446 resolved=1975 errors=10054 current=src/tests/compiler/tools/emitResultTests.ts
[2026-04-10T14:01:58Z] [iter=2] HEARTBEAT target_type=call_site elapsed_min=216.0 files_done=448 resolved=1979 errors=10084 current=src/tests/testHelpers/getDefaultFormatCodeSettings.ts
[2026-04-10T14:02:42Z] [iter=2] HEARTBEAT target_type=call_site elapsed_min=216.7 files_done=454 resolved=1979 errors=10119 current=src/tests/compiler/ast/literal/booleanLiteralTests.ts
[2026-04-10T14:03:13Z] [iter=2] HEARTBEAT target_type=call_site elapsed_min=217.2 files_done=456 resolved=1983 errors=10143 current=src/tests/compiler/ast/base/literalLikeNodeTests.ts
[2026-04-10T14:03:49Z] [iter=2] HEARTBEAT target_type=call_site elapsed_min=217.8 files_done=461 resolved=1985 errors=10171 current=src/manipulation/nodeHandlers/ParentFinderReplacementNodeHandler.ts
[2026-04-10T14:04:27Z] [iter=2] HEARTBEAT target_type=call_site elapsed_min=218.5 files_done=464 resolved=1985 errors=10201 current=src/errors/classes/FileNotFoundError.ts
[2026-04-10T14:04:58Z] [iter=2] HEARTBEAT target_type=call_site elapsed_min=219.0 files_done=468 resolved=1985 errors=10225 current=src/structurePrinters/base/InitializerExpressionableNodeStructurePrinter.ts
[2026-04-10T14:05:32Z] [iter=2] HEARTBEAT target_type=call_site elapsed_min=219.5 files_done=476 resolved=1989 errors=10252 current=src/utils/tsconfig/getCompilerOptionsFromTsConfig.ts
[2026-04-10T14:06:10Z] [iter=2] HEARTBEAT target_type=call_site elapsed_min=220.2 files_done=484 resolved=1997 errors=10281 current=src/compiler/ast/doc/base/JSDocPropertyLikeTag.ts
[2026-04-10T14:06:48Z] [iter=2] HEARTBEAT target_type=call_site elapsed_min=220.8 files_done=490 resolved=2000 errors=10311 current=src/structurePrinters/variable/VariableDeclarationStructurePrinter.ts
[2026-04-10T14:07:35Z] [iter=2] HEARTBEAT target_type=call_site elapsed_min=221.6 files_done=495 resolved=2000 errors=10348 current=src/compiler/ast/statement/ReturnStatement.ts
[2026-04-10T14:07:56Z] [iter=2] CHECKPOINT TRIGGERED elapsed_min=221.9 files_completed=587 new_files_this_iter=500 mem_mb=995 MB
[2026-04-10T14:07:56Z] [iter=2] Writing partial enrichment graph path=/home/runner/work/forx/forx/storage/aggregate/lsp/873a2b351f4cb5ab5cebc77ec1dd88192f54ca22.nq.gz triples=136473
[2026-04-10T14:07:59Z] [iter=2] Checkpoint written, exiting with code 7
[2026-04-10T14:07:59Z] [iter=2] PHASE END: enrich (checkpointed) elapsed_s=13316 elapsed_min=221.9 files_completed=587
